<?xml version="1.0" encoding="UTF-8" ?>
<beans xmlns="http://www.springframework.org/schema/beans"
       xmlns:xsi="http://www.w3.org/2001/XMLSchema-instance"
       xsi:schemaLocation="http://www.springframework.org/schema/beans
                    http://www.springframework.org/schema/beans/spring-beans.xsd
                    " default-autowire="byType">

    <bean id="person" class="com.test.ioc.Person" depends-on="stu">
        <property name="stu" ref="stu"/>
    </bean>

    <bean id="stu" class="com.test.ioc.Stu">
        <property name="name" value="xuliyi"/>
    </bean>

    <bean id="testBeanPostProcess" class="com.test.ioc.TestBeanPostProcess"/>

</beans>

